
System.Linq.OrderedEnumerable`2[System.String,System.String]	
System.Linq.OrderedEnumerable`2[System.String,System.String]	
System.Linq.OrderedEnumerable`2[System.String,System.String]	
System.Linq.OrderedEnumerable`2[System.String,System.String]	
System.Linq.OrderedEnumerable`2[System.String,System.String]	
System.String[]	
System.String[]	
System.String[]	
System.String[]	
System.String[]	
System.String[]	
System.String[]	
System.String[]	
System.String[]	
System.String[]	
System.String[]	
System.String[]	
System.String[]	
System.String[]	
System.String[]	
System.String[]	
System.String[]	
System.String[]	
System.String[]	
System.String[]	
- username: Andre	
  meeting_date: 2024-12-02T00:00:00.0000000	
  availability: available	
- username: Jorgen	
  meeting_date: 2024-10-02T00:00:00.0000000	
  availability: available	
- username: Test	
  meeting_date: 2024-02-02T00:00:00.0000000	
  availability: available	
- username: Test1	
  meeting_date: 2024-01-25T11:11:44.6671112+01:00	
  availability: not available	
- username: Test3	
  meeting_date: 2024-02-02T10:41:06.4716975+01:00	
  availability: not available	
- username: Test2	
  meeting_date: 2024-02-02T10:41:17.4818380+01:00	
  availability: not available	
- username: Karen	
  meeting_date: 2024-02-02T11:08:40.6955373+01:00	
  availability: not available	
- username: Andre	
  meeting_date: 2024-02-15T00:00:00.0000000	
  availability: available	
- username: Jorgen	
  meeting_date: 2024-10-02T00:00:00.0000000	
  availability: available	
- username: Test	
  meeting_date: 2024-02-02T00:00:00.0000000	
  availability: available	
- username: Test1	
  meeting_date: 2024-01-25T11:11:44.6671112+01:00	
  availability: not available	
- username: Test3	
  meeting_date: 2024-02-02T10:41:06.4716975+01:00	
  availability: not available	
- username: Test2	
  meeting_date: 2024-02-02T10:41:17.4818380+01:00	
  availability: not available	
- username: Karen	
  meeting_date: 2024-02-02T11:08:40.6955373+01:00	
  availability: not available	
- username: Andre	
  meeting_date: 2024-02-15T10:30:00.0000000	
  availability: available	
- username: Jorgen	
  meeting_date: 2024-10-02T00:00:00.0000000	
  availability: available	
- username: Test	
  meeting_date: 2024-02-02T00:00:00.0000000	
  availability: available	
- username: Test1	
  meeting_date: 2024-01-25T11:11:44.6671112+01:00	
  availability: not available	
- username: Test3	
  meeting_date: 2024-02-02T10:41:06.4716975+01:00	
  availability: not available	
- username: Test2	
  meeting_date: 2024-02-02T10:41:17.4818380+01:00	
  availability: not available	
- username: Karen	
  meeting_date: 2024-02-02T11:08:40.6955373+01:00	
  availability: not available	
- username: Andre	
  meeting_date: 2024-02-15T10:30:00.0000000	
  availability: available	
- username: Jorgen	
  meeting_date: 2024-10-02T00:00:00.0000000	
  availability: available	
- username: Test	
  meeting_date: 2024-02-02T00:00:00.0000000	
  availability: available	
- username: Test1	
  meeting_date: 2024-01-25T11:11:44.6671112+01:00	
  availability: not available	
- username: Test3	
  meeting_date: 2024-02-02T10:41:06.4716975+01:00	
  availability: not available	
- username: Test2	
  meeting_date: 2024-02-02T10:41:17.4818380+01:00	
  availability: not available	
- username: Karen	
  meeting_date: 2024-02-02T11:08:40.6955373+01:00	
  availability: not available	
- username: Andre	
  meeting_date: 2024-02-15T10:30:00.0000000	
  availability: available	
- username: Jorgen	
  meeting_date: 2024-10-02T00:00:00.0000000	
  availability: available	
- username: Test	
  meeting_date: 2024-02-02T00:00:00.0000000	
  availability: available	
- username: Test1	
  meeting_date: 2024-01-25T11:11:44.6671112+01:00	
  availability: not available	
- username: Test3	
  meeting_date: 2024-02-02T10:41:06.4716975+01:00	
  availability: not available	
- username: Test2	
  meeting_date: 2024-02-02T10:41:17.4818380+01:00	
  availability: not available	
- username: Karen	
  meeting_date: 2024-02-02T11:08:40.6955373+01:00	
  availability: not available	
- username: Andre	
  meeting_date: 2024-02-15T10:30:00.0000000	
  availability: available	
- username: Jorgen	
  meeting_date: 2024-02-15T10:30:00.0000000	
  availability: available	
- username: Test	
  meeting_date: 2024-02-02T00:00:00.0000000	
  availability: available	
- username: Test1	
  meeting_date: 2024-01-25T11:11:44.6671112+01:00	
  availability: not available	
- username: Test3	
  meeting_date: 2024-02-02T10:41:06.4716975+01:00	
  availability: not available	
- username: Test2	
  meeting_date: 2024-02-02T10:41:17.4818380+01:00	
  availability: not available	
- username: Karen	
  meeting_date: 2024-02-02T11:08:40.6955373+01:00	
  availability: not available	
- username: Andre	
  meeting_date: 2024-02-15T09:30:00.0000000	
  availability: available	
- username: Jorgen	
  meeting_date: 2024-02-15T10:30:00.0000000	
  availability: available	
- username: Test	
  meeting_date: 2024-02-02T00:00:00.0000000	
  availability: available	
- username: Test1	
  meeting_date: 2024-01-25T11:11:44.6671112+01:00	
  availability: not available	
- username: Test3	
  meeting_date: 2024-02-02T10:41:06.4716975+01:00	
  availability: not available	
- username: Test2	
  meeting_date: 2024-02-02T10:41:17.4818380+01:00	
  availability: not available	
- username: Karen	
  meeting_date: 2024-02-02T11:08:40.6955373+01:00	
  availability: not available	
- username: Andre	
  meeting_date: 2024-02-15T09:30:00.0000000	
  availability: available	
- username: Jorgen	
  meeting_date: 2024-02-15T10:30:00.0000000	
  availability: available	
- username: Test	
  meeting_date: 2024-02-02T00:00:00.0000000	
  availability: available	
- username: Test1	
  meeting_date: 2024-01-25T11:11:44.6671112+01:00	
  availability: not available	
- username: Test3	
  meeting_date: 2024-02-02T10:41:06.4716975+01:00	
  availability: not available	
- username: Test2	
  meeting_date: 2024-02-02T10:41:17.4818380+01:00	
  availability: not available	
- username: Karen	
  meeting_date: 2024-02-02T11:08:40.6955373+01:00	
  availability: not available	
- username: Andre	
  meeting_date: 2024-02-15T09:30:00.0000000	
  availability: available	
- username: Jorgen	
  meeting_date: 2024-02-15T10:30:00.0000000	
  availability: available	
- username: Test	
  meeting_date: 2024-02-02T00:00:00.0000000	
  availability: available	
- username: Test1	
  meeting_date: 2024-01-25T11:11:44.6671112+01:00	
  availability: not available	
- username: Test3	
  meeting_date: 2024-02-02T10:41:06.4716975+01:00	
  availability: not available	
- username: Test2	
  meeting_date: 2024-02-02T10:41:17.4818380+01:00	
  availability: not available	
- username: Karen	
  meeting_date: 2024-02-02T11:08:40.6955373+01:00	
  availability: not available	
- username: Andre	
  meeting_date: 2024-02-15T09:30:00.0000000	
  availability: available	
- username: Jorgen	
  meeting_date: 2024-02-15T10:30:00.0000000	
  availability: available	
- username: Test	
  meeting_date: 2024-02-02T00:00:00.0000000	
  availability: available	
- username: Test1	
  meeting_date: 2024-01-25T11:11:44.6671112+01:00	
  availability: not available	
- username: Test3	
  meeting_date: 2024-02-02T10:41:06.4716975+01:00	
  availability: not available	
- username: Test2	
  meeting_date: 2024-02-02T10:41:17.4818380+01:00	
  availability: not available	
- username: Karen	
  meeting_date: 2024-02-02T11:08:40.6955373+01:00	
  availability: not available	
- username: Andre	
  meeting_date: 2024-02-15T09:50:00.0000000	
  availability: available	
- username: Jorgen	
  meeting_date: 2024-02-15T10:30:00.0000000	
  availability: available	
- username: Test	
  meeting_date: 2024-02-02T00:00:00.0000000	
  availability: available	
- username: Test1	
  meeting_date: 2024-01-25T11:11:44.6671112+01:00	
  availability: not available	
- username: Test3	
  meeting_date: 2024-02-02T10:41:06.4716975+01:00	
  availability: not available	
- username: Test2	
  meeting_date: 2024-02-02T10:41:17.4818380+01:00	
  availability: not available	
- username: Karen	
  meeting_date: 2024-02-02T11:08:40.6955373+01:00	
  availability: not available	
- username: Andre	
  meeting_date: 2024-02-14T23:00:00.0000000	
  availability: available	
- username: Jorgen	
  meeting_date: 2024-02-15T10:30:00.0000000	
  availability: available	
- username: Test	
  meeting_date: 2024-02-02T00:00:00.0000000	
  availability: available	
- username: Test1	
  meeting_date: 2024-01-25T11:11:44.6671112+01:00	
  availability: not available	
- username: Test3	
  meeting_date: 2024-02-02T10:41:06.4716975+01:00	
  availability: not available	
- username: Test2	
  meeting_date: 2024-02-02T10:41:17.4818380+01:00	
  availability: not available	
- username: Karen	
  meeting_date: 2024-02-02T11:08:40.6955373+01:00	
  availability: not available	
- username: Andre	
  meeting_date: 2024-02-15T11:30:00.0000000	
  availability: available	
- username: Jorgen	
  meeting_date: 2024-02-15T10:30:00.0000000	
  availability: available	
- username: Test	
  meeting_date: 2024-02-02T00:00:00.0000000	
  availability: available	
- username: Test1	
  meeting_date: 2024-01-25T11:11:44.6671112+01:00	
  availability: not available	
- username: Test3	
  meeting_date: 2024-02-02T10:41:06.4716975+01:00	
  availability: not available	
- username: Test2	
  meeting_date: 2024-02-02T10:41:17.4818380+01:00	
  availability: not available	
- username: Karen	
  meeting_date: 2024-02-02T11:08:40.6955373+01:00	
  availability: not available	
- username: Andre	
  meeting_date: 2024-02-15T11:30:00.0000000	
  availability: available	
- username: Jorgen	
  meeting_date: 2024-02-22T13:30:00.0000000	
  availability: available	
- username: Test	
  meeting_date: 2024-02-02T00:00:00.0000000	
  availability: available	
- username: Test1	
  meeting_date: 2024-01-25T11:11:44.6671112+01:00	
  availability: not available	
- username: Test3	
  meeting_date: 2024-02-02T10:41:06.4716975+01:00	
  availability: not available	
- username: Test2	
  meeting_date: 2024-02-02T10:41:17.4818380+01:00	
  availability: not available	
- username: Karen	
  meeting_date: 2024-02-02T11:08:40.6955373+01:00	
  availability: not available	
- username: Test4	
  meeting_date: 2024-02-19T13:00:00.0000000	
  availability: available	
- username: Andre	
  meeting_date: 2024-02-15T11:30:00.0000000	
  availability: available	
- username: Jorgen	
  meeting_date: 2024-02-22T13:30:00.0000000	
  availability: available	
- username: Test	
  meeting_date: 2024-02-02T00:00:00.0000000	
  availability: available	
- username: Test1	
  meeting_date: 2024-01-25T11:11:44.6671112+01:00	
  availability: not available	
- username: Test3	
  meeting_date: 2024-02-02T10:41:06.4716975+01:00	
  availability: not available	
- username: Test2	
  meeting_date: 2024-02-02T10:41:17.4818380+01:00	
  availability: not available	
- username: Karen	
  meeting_date: 2024-02-02T11:08:40.6955373+01:00	
  availability: not available	
- username: Test4	
  meeting_date: 2024-02-19T13:00:00.0000000	
  availability: available	
- username: Andre	
  meeting_date: 2024-02-15T11:30:00.0000000	
  availability: available	
- username: Jorgen	
  meeting_date: 2024-02-22T13:30:00.0000000	
  availability: available	
- username: Test	
  meeting_date: 2024-02-02T00:00:00.0000000	
  availability: available	
- username: Test1	
  meeting_date: 2024-01-25T11:11:44.6671112+01:00	
  availability: not available	
- username: Test3	
  meeting_date: 2024-02-02T10:41:06.4716975+01:00	
  availability: not available	
- username: Test2	
  meeting_date: 2024-02-02T10:41:17.4818380+01:00	
  availability: not available	
- username: Karen	
  meeting_date: 2024-02-02T11:08:40.6955373+01:00	
  availability: not available	
- username: Test4	
  meeting_date: 2024-02-19T13:30:00.0000000	
  availability: available	
- username: Andre	
  meeting_date: 2024-02-15T10:30:00.0000000	
  availability: available	
  meeting_duration: 02:00:00	
- username: Jorgen	
  meeting_date: 2024-03-02T10:00:00.0000000	
  availability: available	
  meeting_duration: 01:30:00	
- username: Andre	
  meeting_date: 2024-02-15T10:30:00.0000000	
  availability: available	
  meeting_duration: 02:00:00	
- username: Jorgen	
  meeting_date: 2024-03-02T10:00:00.0000000	
  availability: available	
  meeting_duration: 01:30:00	
- username: Test	
  meeting_date: 2024-03-05T11:30:00.0000000	
  availability: available	
  meeting_duration: 01:00:00	
- username: Andre	
  meeting_date: 2024-02-15T10:30:00.0000000	
  availability: available	
  meeting_duration: 02:00:00	
- username: Jorgen	
  meeting_date: 2024-03-02T10:00:00.0000000	
  availability: available	
  meeting_duration: 01:30:00	
- username: Test	
  meeting_date: 2024-03-10T11:30:00.0000000	
  availability: available	
  meeting_duration: 01:00:00	
- username: Andre	
  meeting_date: 2024-02-15T10:30:00.0000000	
  availability: available	
  meeting_duration: 02:00:00	
- username: Jorgen	
  meeting_date: 2024-03-02T10:00:00.0000000	
  availability: available	
  meeting_duration: 01:30:00	
- username: Test	
  meeting_date: 2024-03-03T09:30:00.0000000	
  availability: available	
  meeting_duration: 02:00:00	
- username: Andre	
  meeting_date: 2024-02-15T10:30:00.0000000	
  availability: available	
  meeting_duration: 02:00:00	
- username: Jorgen	
  meeting_date: 2024-03-02T10:00:00.0000000	
  availability: available	
  meeting_duration: 01:30:00	
- username: Test	
  meeting_date: 2024-03-03T09:30:00.0000000	
  availability: available	
  meeting_duration: 01:30:00	
- username: Andre	
  meeting_date: 2024-02-15T10:30:00.0000000	
  availability: available	
  meeting_duration: 02:00:00	
- username: Jorgen	
  meeting_date: 2024-03-02T10:00:00.0000000	
  availability: available	
  meeting_duration: 01:30:00	
- username: Test	
  meeting_date: 2024-03-03T09:30:00.0000000	
  availability: available	
  meeting_duration: 01:30:00	
